<?xml version="1.0" encoding="UTF-8"?>
<testng-results ignored="0" total="1" passed="1" failed="0" skipped="0">
  <reporter-output>
    <line>
      <![CDATA[open browser]]>
    </line>
    <line>
      <![CDATA[login]]>
    </line>
    <line>
      <![CDATA[CreateCustomer]]>
    </line>
    <line>
      <![CDATA[logout]]>
    </line>
    <line>
      <![CDATA[closeBrowser]]>
    </line>
  </reporter-output>
  <suite started-at="2023-09-22T20:51:05 IST" name="Default suite" finished-at="2023-09-22T20:51:52 IST" duration-ms="47001">
    <groups>
    </groups>
    <test started-at="2023-09-22T20:51:05 IST" name="Default test" finished-at="2023-09-22T20:51:52 IST" duration-ms="47001">
      <class name="com.actitime.testscript.CustomerModule">
        <test-method is-config="true" signature="openBrowser()[pri:0, instance:com.actitime.testscript.CustomerModule@70cf32e3]" started-at="2023-09-22T20:51:05 IST" name="openBrowser" finished-at="2023-09-22T20:51:30 IST" duration-ms="25165" status="PASS">
          <reporter-output>
            <line>
              <![CDATA[open browser]]>
            </line>
          </reporter-output>
        </test-method> <!-- openBrowser -->
        <test-method is-config="true" signature="login()[pri:0, instance:com.actitime.testscript.CustomerModule@70cf32e3]" started-at="2023-09-22T20:51:30 IST" name="login" finished-at="2023-09-22T20:51:36 IST" duration-ms="6112" status="PASS">
          <reporter-output>
            <line>
              <![CDATA[login]]>
            </line>
          </reporter-output>
        </test-method> <!-- login -->
        <test-method signature="testCreateCustomer()[pri:0, instance:com.actitime.testscript.CustomerModule@70cf32e3]" started-at="2023-09-22T20:51:36 IST" name="testCreateCustomer" finished-at="2023-09-22T20:51:49 IST" duration-ms="13283" status="PASS">
          <reporter-output>
            <line>
              <![CDATA[CreateCustomer]]>
            </line>
          </reporter-output>
        </test-method> <!-- testCreateCustomer -->
        <test-method is-config="true" signature="logout()[pri:0, instance:com.actitime.testscript.CustomerModule@70cf32e3]" started-at="2023-09-22T20:51:49 IST" name="logout" finished-at="2023-09-22T20:51:51 IST" duration-ms="1749" status="PASS">
          <reporter-output>
            <line>
              <![CDATA[logout]]>
            </line>
          </reporter-output>
        </test-method> <!-- logout -->
        <test-method is-config="true" signature="closeBrowser()[pri:0, instance:com.actitime.testscript.CustomerModule@70cf32e3]" started-at="2023-09-22T20:51:51 IST" name="closeBrowser" finished-at="2023-09-22T20:51:52 IST" duration-ms="620" status="PASS">
          <reporter-output>
            <line>
              <![CDATA[closeBrowser]]>
            </line>
          </reporter-output>
        </test-method> <!-- closeBrowser -->
      </class> <!-- com.actitime.testscript.CustomerModule -->
    </test> <!-- Default test -->
  </suite> <!-- Default suite -->
</testng-results>
